<?xml version="1.0" encoding="UTF-8"?>
<testsuite xmlns:xsi="http://www.w3.org/2001/XMLSchema-instance" xsi:noNamespaceSchemaLocation="https://maven.apache.org/surefire/maven-surefire-plugin/xsd/surefire-test-report-3.0.xsd" version="3.0" name="sustech.cs304.AppTest" time="0.009" tests="1" errors="0" skipped="0" failures="0">
  <properties>
    <property name="http.proxyHost" value="127.0.0.1"/>
    <property name="java.specification.version" value="21"/>
    <property name="sun.jnu.encoding" value="UTF-8"/>
    <property name="java.class.path" value="/Users/ruizhe/Project/IDE/CS304_AIDE/client/target/test-classes:/Users/ruizhe/Project/IDE/CS304_AIDE/client/target/classes:/Users/ruizhe/.m2/repository/junit/junit/3.8.1/junit-3.8.1.jar:/Users/ruizhe/.m2/repository/org/openjfx/javafx-controls/23.0.1/javafx-controls-23.0.1.jar:/Users/ruizhe/.m2/repository/org/openjfx/javafx-controls/23.0.1/javafx-controls-23.0.1-mac-aarch64.jar:/Users/ruizhe/.m2/repository/org/openjfx/javafx-graphics/23.0.1/javafx-graphics-23.0.1.jar:/Users/ruizhe/.m2/repository/org/openjfx/javafx-graphics/23.0.1/javafx-graphics-23.0.1-mac-aarch64.jar:/Users/ruizhe/.m2/repository/org/openjfx/javafx-fxml/23.0.1/javafx-fxml-23.0.1.jar:/Users/ruizhe/.m2/repository/org/openjfx/javafx-fxml/23.0.1/javafx-fxml-23.0.1-mac-aarch64.jar:/Users/ruizhe/.m2/repository/org/openjfx/javafx-web/23.0.1/javafx-web-23.0.1.jar:/Users/ruizhe/.m2/repository/org/openjfx/javafx-web/23.0.1/javafx-web-23.0.1-mac-aarch64.jar:/Users/ruizhe/.m2/repository/org/openjfx/javafx-media/23.0.1/javafx-media-23.0.1.jar:/Users/ruizhe/.m2/repository/org/openjfx/javafx-media/23.0.1/javafx-media-23.0.1-mac-aarch64.jar:/Users/ruizhe/.m2/repository/eu/mihosoft/monacofx/monacofx/1.0.0/monacofx-1.0.0.jar:/Users/ruizhe/.m2/repository/io/github/cdimascio/dotenv-java/3.0.0/dotenv-java-3.0.0.jar:/Users/ruizhe/.m2/repository/com/squareup/okhttp3/okhttp/4.12.0/okhttp-4.12.0.jar:/Users/ruizhe/.m2/repository/com/squareup/okio/okio/3.6.0/okio-3.6.0.jar:/Users/ruizhe/.m2/repository/com/squareup/okio/okio-jvm/3.6.0/okio-jvm-3.6.0.jar:/Users/ruizhe/.m2/repository/org/jetbrains/kotlin/kotlin-stdlib-common/1.9.10/kotlin-stdlib-common-1.9.10.jar:/Users/ruizhe/.m2/repository/org/jetbrains/kotlin/kotlin-stdlib-jdk8/1.8.21/kotlin-stdlib-jdk8-1.8.21.jar:/Users/ruizhe/.m2/repository/org/jetbrains/kotlin/kotlin-stdlib-jdk7/1.8.21/kotlin-stdlib-jdk7-1.8.21.jar:/Users/ruizhe/.m2/repository/com/google/code/gson/gson/2.10.1/gson-2.10.1.jar:/Users/ruizhe/.m2/repository/org/projectlombok/lombok/1.18.30/lombok-1.18.30.jar:/Users/ruizhe/.m2/repository/org/openjfx/javafx-swing/23/javafx-swing-23.jar:/Users/ruizhe/.m2/repository/org/openjfx/javafx-swing/23/javafx-swing-23-mac-aarch64.jar:/Users/ruizhe/.m2/repository/org/apache/pdfbox/pdfbox/3.0.4/pdfbox-3.0.4.jar:/Users/ruizhe/.m2/repository/org/apache/pdfbox/pdfbox-io/3.0.4/pdfbox-io-3.0.4.jar:/Users/ruizhe/.m2/repository/commons-logging/commons-logging/1.3.4/commons-logging-1.3.4.jar:/Users/ruizhe/.m2/repository/org/apache/pdfbox/fontbox/3.0.4/fontbox-3.0.4.jar:/Users/ruizhe/.m2/repository/org/commonmark/commonmark/0.18.2/commonmark-0.18.2.jar:/Users/ruizhe/.m2/repository/com/techsenger/jeditermfx/jeditermfx-core/1.1.0/jeditermfx-core-1.1.0.jar:/Users/ruizhe/.m2/repository/org/jetbrains/annotations/24.0.1/annotations-24.0.1.jar:/Users/ruizhe/.m2/repository/org/jetbrains/kotlin/kotlin-stdlib/1.9.22/kotlin-stdlib-1.9.22.jar:/Users/ruizhe/.m2/repository/org/slf4j/slf4j-api/2.0.9/slf4j-api-2.0.9.jar:/Users/ruizhe/.m2/repository/com/techsenger/jeditermfx/jeditermfx-ui/1.1.0/jeditermfx-ui-1.1.0.jar:/Users/ruizhe/.m2/repository/org/jetbrains/pty4j/pty4j/0.12.31/pty4j-0.12.31.jar:/Users/ruizhe/.m2/repository/org/jetbrains/pty4j/purejavacomm/0.0.11.1/purejavacomm-0.0.11.1.jar:/Users/ruizhe/.m2/repository/net/java/dev/jna/jna/5.13.0/jna-5.13.0.jar:/Users/ruizhe/.m2/repository/net/java/dev/jna/jna-platform/5.13.0/jna-platform-5.13.0.jar:/Users/ruizhe/.m2/repository/org/openjfx/javafx-base/23.0.1/javafx-base-23.0.1.jar:/Users/ruizhe/.m2/repository/org/openjfx/javafx-base/23.0.1/javafx-base-23.0.1-mac-aarch64.jar:/Users/ruizhe/.m2/repository/org/apache/poi/poi-ooxml/5.4.1/poi-ooxml-5.4.1.jar:/Users/ruizhe/.m2/repository/org/apache/poi/poi/5.4.1/poi-5.4.1.jar:/Users/ruizhe/.m2/repository/commons-codec/commons-codec/1.18.0/commons-codec-1.18.0.jar:/Users/ruizhe/.m2/repository/org/apache/commons/commons-math3/3.6.1/commons-math3-3.6.1.jar:/Users/ruizhe/.m2/repository/com/zaxxer/SparseBitSet/1.3/SparseBitSet-1.3.jar:/Users/ruizhe/.m2/repository/org/apache/poi/poi-ooxml-lite/5.4.1/poi-ooxml-lite-5.4.1.jar:/Users/ruizhe/.m2/repository/org/apache/commons/commons-compress/1.27.1/commons-compress-1.27.1.jar:/Users/ruizhe/.m2/repository/org/apache/commons/commons-lang3/3.16.0/commons-lang3-3.16.0.jar:/Users/ruizhe/.m2/repository/commons-io/commons-io/2.18.0/commons-io-2.18.0.jar:/Users/ruizhe/.m2/repository/com/github/virtuald/curvesapi/1.08/curvesapi-1.08.jar:/Users/ruizhe/.m2/repository/org/apache/logging/log4j/log4j-api/2.24.3/log4j-api-2.24.3.jar:/Users/ruizhe/.m2/repository/org/apache/commons/commons-collections4/4.4/commons-collections4-4.4.jar:/Users/ruizhe/.m2/repository/org/apache/xmlbeans/xmlbeans/5.1.1/xmlbeans-5.1.1.jar:/Users/ruizhe/.m2/repository/com/vladsch/flexmark/flexmark-all/0.64.0/flexmark-all-0.64.0.jar:/Users/ruizhe/.m2/repository/com/vladsch/flexmark/flexmark/0.64.0/flexmark-0.64.0.jar:/Users/ruizhe/.m2/repository/com/vladsch/flexmark/flexmark-ext-abbreviation/0.64.0/flexmark-ext-abbreviation-0.64.0.jar:/Users/ruizhe/.m2/repository/com/vladsch/flexmark/flexmark-util/0.64.0/flexmark-util-0.64.0.jar:/Users/ruizhe/.m2/repository/com/vladsch/flexmark/flexmark-ext-admonition/0.64.0/flexmark-ext-admonition-0.64.0.jar:/Users/ruizhe/.m2/repository/com/vladsch/flexmark/flexmark-ext-anchorlink/0.64.0/flexmark-ext-anchorlink-0.64.0.jar:/Users/ruizhe/.m2/repository/com/vladsch/flexmark/flexmark-ext-aside/0.64.0/flexmark-ext-aside-0.64.0.jar:/Users/ruizhe/.m2/repository/com/vladsch/flexmark/flexmark-ext-attributes/0.64.0/flexmark-ext-attributes-0.64.0.jar:/Users/ruizhe/.m2/repository/com/vladsch/flexmark/flexmark-ext-autolink/0.64.0/flexmark-ext-autolink-0.64.0.jar:/Users/ruizhe/.m2/repository/org/nibor/autolink/autolink/0.6.0/autolink-0.6.0.jar:/Users/ruizhe/.m2/repository/com/vladsch/flexmark/flexmark-ext-definition/0.64.0/flexmark-ext-definition-0.64.0.jar:/Users/ruizhe/.m2/repository/com/vladsch/flexmark/flexmark-ext-emoji/0.64.0/flexmark-ext-emoji-0.64.0.jar:/Users/ruizhe/.m2/repository/com/vladsch/flexmark/flexmark-ext-enumerated-reference/0.64.0/flexmark-ext-enumerated-reference-0.64.0.jar:/Users/ruizhe/.m2/repository/com/vladsch/flexmark/flexmark-ext-escaped-character/0.64.0/flexmark-ext-escaped-character-0.64.0.jar:/Users/ruizhe/.m2/repository/com/vladsch/flexmark/flexmark-ext-footnotes/0.64.0/flexmark-ext-footnotes-0.64.0.jar:/Users/ruizhe/.m2/repository/com/vladsch/flexmark/flexmark-ext-gfm-issues/0.64.0/flexmark-ext-gfm-issues-0.64.0.jar:/Users/ruizhe/.m2/repository/com/vladsch/flexmark/flexmark-ext-gfm-strikethrough/0.64.0/flexmark-ext-gfm-strikethrough-0.64.0.jar:/Users/ruizhe/.m2/repository/com/vladsch/flexmark/flexmark-ext-gfm-tasklist/0.64.0/flexmark-ext-gfm-tasklist-0.64.0.jar:/Users/ruizhe/.m2/repository/com/vladsch/flexmark/flexmark-ext-gfm-users/0.64.0/flexmark-ext-gfm-users-0.64.0.jar:/Users/ruizhe/.m2/repository/com/vladsch/flexmark/flexmark-ext-gitlab/0.64.0/flexmark-ext-gitlab-0.64.0.jar:/Users/ruizhe/.m2/repository/com/vladsch/flexmark/flexmark-ext-jekyll-front-matter/0.64.0/flexmark-ext-jekyll-front-matter-0.64.0.jar:/Users/ruizhe/.m2/repository/com/vladsch/flexmark/flexmark-ext-jekyll-tag/0.64.0/flexmark-ext-jekyll-tag-0.64.0.jar:/Users/ruizhe/.m2/repository/com/vladsch/flexmark/flexmark-ext-media-tags/0.64.0/flexmark-ext-media-tags-0.64.0.jar:/Users/ruizhe/.m2/repository/com/vladsch/flexmark/flexmark-ext-resizable-image/0.64.0/flexmark-ext-resizable-image-0.64.0.jar:/Users/ruizhe/.m2/repository/com/vladsch/flexmark/flexmark-ext-macros/0.64.0/flexmark-ext-macros-0.64.0.jar:/Users/ruizhe/.m2/repository/com/vladsch/flexmark/flexmark-ext-ins/0.64.0/flexmark-ext-ins-0.64.0.jar:/Users/ruizhe/.m2/repository/com/vladsch/flexmark/flexmark-ext-xwiki-macros/0.64.0/flexmark-ext-xwiki-macros-0.64.0.jar:/Users/ruizhe/.m2/repository/com/vladsch/flexmark/flexmark-ext-superscript/0.64.0/flexmark-ext-superscript-0.64.0.jar:/Users/ruizhe/.m2/repository/com/vladsch/flexmark/flexmark-ext-tables/0.64.0/flexmark-ext-tables-0.64.0.jar:/Users/ruizhe/.m2/repository/com/vladsch/flexmark/flexmark-ext-toc/0.64.0/flexmark-ext-toc-0.64.0.jar:/Users/ruizhe/.m2/repository/com/vladsch/flexmark/flexmark-ext-typographic/0.64.0/flexmark-ext-typographic-0.64.0.jar:/Users/ruizhe/.m2/repository/com/vladsch/flexmark/flexmark-ext-wikilink/0.64.0/flexmark-ext-wikilink-0.64.0.jar:/Users/ruizhe/.m2/repository/com/vladsch/flexmark/flexmark-ext-yaml-front-matter/0.64.0/flexmark-ext-yaml-front-matter-0.64.0.jar:/Users/ruizhe/.m2/repository/com/vladsch/flexmark/flexmark-ext-youtube-embedded/0.64.0/flexmark-ext-youtube-embedded-0.64.0.jar:/Users/ruizhe/.m2/repository/com/vladsch/flexmark/flexmark-html2md-converter/0.64.0/flexmark-html2md-converter-0.64.0.jar:/Users/ruizhe/.m2/repository/org/jsoup/jsoup/1.14.3/jsoup-1.14.3.jar:/Users/ruizhe/.m2/repository/com/vladsch/flexmark/flexmark-jira-converter/0.64.0/flexmark-jira-converter-0.64.0.jar:/Users/ruizhe/.m2/repository/com/vladsch/flexmark/flexmark-pdf-converter/0.64.0/flexmark-pdf-converter-0.64.0.jar:/Users/ruizhe/.m2/repository/com/openhtmltopdf/openhtmltopdf-core/1.0.10/openhtmltopdf-core-1.0.10.jar:/Users/ruizhe/.m2/repository/com/openhtmltopdf/openhtmltopdf-pdfbox/1.0.10/openhtmltopdf-pdfbox-1.0.10.jar:/Users/ruizhe/.m2/repository/org/apache/pdfbox/xmpbox/2.0.24/xmpbox-2.0.24.jar:/Users/ruizhe/.m2/repository/de/rototor/pdfbox/graphics2d/0.32/graphics2d-0.32.jar:/Users/ruizhe/.m2/repository/com/openhtmltopdf/openhtmltopdf-rtl-support/1.0.10/openhtmltopdf-rtl-support-1.0.10.jar:/Users/ruizhe/.m2/repository/com/ibm/icu/icu4j/59.1/icu4j-59.1.jar:/Users/ruizhe/.m2/repository/com/openhtmltopdf/openhtmltopdf-jsoup-dom-converter/1.0.0/openhtmltopdf-jsoup-dom-converter-1.0.0.jar:/Users/ruizhe/.m2/repository/com/vladsch/flexmark/flexmark-profile-pegdown/0.64.0/flexmark-profile-pegdown-0.64.0.jar:/Users/ruizhe/.m2/repository/com/vladsch/flexmark/flexmark-util-ast/0.64.0/flexmark-util-ast-0.64.0.jar:/Users/ruizhe/.m2/repository/com/vladsch/flexmark/flexmark-util-builder/0.64.0/flexmark-util-builder-0.64.0.jar:/Users/ruizhe/.m2/repository/com/vladsch/flexmark/flexmark-util-collection/0.64.0/flexmark-util-collection-0.64.0.jar:/Users/ruizhe/.m2/repository/com/vladsch/flexmark/flexmark-util-data/0.64.0/flexmark-util-data-0.64.0.jar:/Users/ruizhe/.m2/repository/com/vladsch/flexmark/flexmark-util-dependency/0.64.0/flexmark-util-dependency-0.64.0.jar:/Users/ruizhe/.m2/repository/com/vladsch/flexmark/flexmark-util-format/0.64.0/flexmark-util-format-0.64.0.jar:/Users/ruizhe/.m2/repository/com/vladsch/flexmark/flexmark-util-html/0.64.0/flexmark-util-html-0.64.0.jar:/Users/ruizhe/.m2/repository/com/vladsch/flexmark/flexmark-util-misc/0.64.0/flexmark-util-misc-0.64.0.jar:/Users/ruizhe/.m2/repository/com/vladsch/flexmark/flexmark-util-options/0.64.0/flexmark-util-options-0.64.0.jar:/Users/ruizhe/.m2/repository/com/vladsch/flexmark/flexmark-util-sequence/0.64.0/flexmark-util-sequence-0.64.0.jar:/Users/ruizhe/.m2/repository/com/vladsch/flexmark/flexmark-util-visitor/0.64.0/flexmark-util-visitor-0.64.0.jar:/Users/ruizhe/.m2/repository/com/vladsch/flexmark/flexmark-youtrack-converter/0.64.0/flexmark-youtrack-converter-0.64.0.jar:/Users/ruizhe/.m2/repository/org/java-websocket/Java-WebSocket/1.5.3/Java-WebSocket-1.5.3.jar:/Users/ruizhe/.m2/repository/com/fasterxml/jackson/core/jackson-databind/2.17.0/jackson-databind-2.17.0.jar:/Users/ruizhe/.m2/repository/com/fasterxml/jackson/core/jackson-annotations/2.17.0/jackson-annotations-2.17.0.jar:/Users/ruizhe/.m2/repository/com/fasterxml/jackson/core/jackson-core/2.17.0/jackson-core-2.17.0.jar:/Users/ruizhe/.m2/repository/net/bytebuddy/byte-buddy/1.14.9/byte-buddy-1.14.9.jar:"/>
    <property name="https.proxyPort" value="1082"/>
    <property name="java.vm.vendor" value="Azul Systems, Inc."/>
    <property name="sun.arch.data.model" value="64"/>
    <property name="java.vendor.url" value="http://www.azul.com/"/>
    <property name="os.name" value="Mac OS X"/>
    <property name="java.vm.specification.version" value="21"/>
    <property name="sun.java.launcher" value="SUN_STANDARD"/>
    <property name="user.country" value="CN"/>
    <property name="sun.boot.library.path" value="/nix/store/i43yq5k7nphs1paam9xyrzypzjkn97p1-zulu-ca-jdk-21.0.4/zulu-21.jdk/Contents/Home/lib"/>
    <property name="sun.java.command" value="/Users/ruizhe/Project/IDE/CS304_AIDE/client/target/surefire/surefirebooter-20250523211251560_3.jar /Users/ruizhe/Project/IDE/CS304_AIDE/client/target/surefire 2025-05-23T21-12-51_522-jvmRun1 surefire-20250523211251560_1tmp surefire_0-20250523211251560_2tmp"/>
    <property name="http.nonProxyHosts" value="192.168.0.0/16|*.192.168.0.0/16|captive.apple.com|*.captive.apple.com|localhost|*.localhost|10.0.0.0/8|*.10.0.0.0/8|local|*.local|172.16.0.0/12|*.172.16.0.0/12|198.18.0.0/15|*.198.18.0.0/15|172.18.1.92.dns|*.172.18.1.92.dns|172.18.1.93.dns|*.172.18.1.93.dns"/>
    <property name="jdk.debug" value="release"/>
    <property name="surefire.test.class.path" value="/Users/ruizhe/Project/IDE/CS304_AIDE/client/target/test-classes:/Users/ruizhe/Project/IDE/CS304_AIDE/client/target/classes:/Users/ruizhe/.m2/repository/junit/junit/3.8.1/junit-3.8.1.jar:/Users/ruizhe/.m2/repository/org/openjfx/javafx-controls/23.0.1/javafx-controls-23.0.1.jar:/Users/ruizhe/.m2/repository/org/openjfx/javafx-controls/23.0.1/javafx-controls-23.0.1-mac-aarch64.jar:/Users/ruizhe/.m2/repository/org/openjfx/javafx-graphics/23.0.1/javafx-graphics-23.0.1.jar:/Users/ruizhe/.m2/repository/org/openjfx/javafx-graphics/23.0.1/javafx-graphics-23.0.1-mac-aarch64.jar:/Users/ruizhe/.m2/repository/org/openjfx/javafx-fxml/23.0.1/javafx-fxml-23.0.1.jar:/Users/ruizhe/.m2/repository/org/openjfx/javafx-fxml/23.0.1/javafx-fxml-23.0.1-mac-aarch64.jar:/Users/ruizhe/.m2/repository/org/openjfx/javafx-web/23.0.1/javafx-web-23.0.1.jar:/Users/ruizhe/.m2/repository/org/openjfx/javafx-web/23.0.1/javafx-web-23.0.1-mac-aarch64.jar:/Users/ruizhe/.m2/repository/org/openjfx/javafx-media/23.0.1/javafx-media-23.0.1.jar:/Users/ruizhe/.m2/repository/org/openjfx/javafx-media/23.0.1/javafx-media-23.0.1-mac-aarch64.jar:/Users/ruizhe/.m2/repository/eu/mihosoft/monacofx/monacofx/1.0.0/monacofx-1.0.0.jar:/Users/ruizhe/.m2/repository/io/github/cdimascio/dotenv-java/3.0.0/dotenv-java-3.0.0.jar:/Users/ruizhe/.m2/repository/com/squareup/okhttp3/okhttp/4.12.0/okhttp-4.12.0.jar:/Users/ruizhe/.m2/repository/com/squareup/okio/okio/3.6.0/okio-3.6.0.jar:/Users/ruizhe/.m2/repository/com/squareup/okio/okio-jvm/3.6.0/okio-jvm-3.6.0.jar:/Users/ruizhe/.m2/repository/org/jetbrains/kotlin/kotlin-stdlib-common/1.9.10/kotlin-stdlib-common-1.9.10.jar:/Users/ruizhe/.m2/repository/org/jetbrains/kotlin/kotlin-stdlib-jdk8/1.8.21/kotlin-stdlib-jdk8-1.8.21.jar:/Users/ruizhe/.m2/repository/org/jetbrains/kotlin/kotlin-stdlib-jdk7/1.8.21/kotlin-stdlib-jdk7-1.8.21.jar:/Users/ruizhe/.m2/repository/com/google/code/gson/gson/2.10.1/gson-2.10.1.jar:/Users/ruizhe/.m2/repository/org/projectlombok/lombok/1.18.30/lombok-1.18.30.jar:/Users/ruizhe/.m2/repository/org/openjfx/javafx-swing/23/javafx-swing-23.jar:/Users/ruizhe/.m2/repository/org/openjfx/javafx-swing/23/javafx-swing-23-mac-aarch64.jar:/Users/ruizhe/.m2/repository/org/apache/pdfbox/pdfbox/3.0.4/pdfbox-3.0.4.jar:/Users/ruizhe/.m2/repository/org/apache/pdfbox/pdfbox-io/3.0.4/pdfbox-io-3.0.4.jar:/Users/ruizhe/.m2/repository/commons-logging/commons-logging/1.3.4/commons-logging-1.3.4.jar:/Users/ruizhe/.m2/repository/org/apache/pdfbox/fontbox/3.0.4/fontbox-3.0.4.jar:/Users/ruizhe/.m2/repository/org/commonmark/commonmark/0.18.2/commonmark-0.18.2.jar:/Users/ruizhe/.m2/repository/com/techsenger/jeditermfx/jeditermfx-core/1.1.0/jeditermfx-core-1.1.0.jar:/Users/ruizhe/.m2/repository/org/jetbrains/annotations/24.0.1/annotations-24.0.1.jar:/Users/ruizhe/.m2/repository/org/jetbrains/kotlin/kotlin-stdlib/1.9.22/kotlin-stdlib-1.9.22.jar:/Users/ruizhe/.m2/repository/org/slf4j/slf4j-api/2.0.9/slf4j-api-2.0.9.jar:/Users/ruizhe/.m2/repository/com/techsenger/jeditermfx/jeditermfx-ui/1.1.0/jeditermfx-ui-1.1.0.jar:/Users/ruizhe/.m2/repository/org/jetbrains/pty4j/pty4j/0.12.31/pty4j-0.12.31.jar:/Users/ruizhe/.m2/repository/org/jetbrains/pty4j/purejavacomm/0.0.11.1/purejavacomm-0.0.11.1.jar:/Users/ruizhe/.m2/repository/net/java/dev/jna/jna/5.13.0/jna-5.13.0.jar:/Users/ruizhe/.m2/repository/net/java/dev/jna/jna-platform/5.13.0/jna-platform-5.13.0.jar:/Users/ruizhe/.m2/repository/org/openjfx/javafx-base/23.0.1/javafx-base-23.0.1.jar:/Users/ruizhe/.m2/repository/org/openjfx/javafx-base/23.0.1/javafx-base-23.0.1-mac-aarch64.jar:/Users/ruizhe/.m2/repository/org/apache/poi/poi-ooxml/5.4.1/poi-ooxml-5.4.1.jar:/Users/ruizhe/.m2/repository/org/apache/poi/poi/5.4.1/poi-5.4.1.jar:/Users/ruizhe/.m2/repository/commons-codec/commons-codec/1.18.0/commons-codec-1.18.0.jar:/Users/ruizhe/.m2/repository/org/apache/commons/commons-math3/3.6.1/commons-math3-3.6.1.jar:/Users/ruizhe/.m2/repository/com/zaxxer/SparseBitSet/1.3/SparseBitSet-1.3.jar:/Users/ruizhe/.m2/repository/org/apache/poi/poi-ooxml-lite/5.4.1/poi-ooxml-lite-5.4.1.jar:/Users/ruizhe/.m2/repository/org/apache/commons/commons-compress/1.27.1/commons-compress-1.27.1.jar:/Users/ruizhe/.m2/repository/org/apache/commons/commons-lang3/3.16.0/commons-lang3-3.16.0.jar:/Users/ruizhe/.m2/repository/commons-io/commons-io/2.18.0/commons-io-2.18.0.jar:/Users/ruizhe/.m2/repository/com/github/virtuald/curvesapi/1.08/curvesapi-1.08.jar:/Users/ruizhe/.m2/repository/org/apache/logging/log4j/log4j-api/2.24.3/log4j-api-2.24.3.jar:/Users/ruizhe/.m2/repository/org/apache/commons/commons-collections4/4.4/commons-collections4-4.4.jar:/Users/ruizhe/.m2/repository/org/apache/xmlbeans/xmlbeans/5.1.1/xmlbeans-5.1.1.jar:/Users/ruizhe/.m2/repository/com/vladsch/flexmark/flexmark-all/0.64.0/flexmark-all-0.64.0.jar:/Users/ruizhe/.m2/repository/com/vladsch/flexmark/flexmark/0.64.0/flexmark-0.64.0.jar:/Users/ruizhe/.m2/repository/com/vladsch/flexmark/flexmark-ext-abbreviation/0.64.0/flexmark-ext-abbreviation-0.64.0.jar:/Users/ruizhe/.m2/repository/com/vladsch/flexmark/flexmark-util/0.64.0/flexmark-util-0.64.0.jar:/Users/ruizhe/.m2/repository/com/vladsch/flexmark/flexmark-ext-admonition/0.64.0/flexmark-ext-admonition-0.64.0.jar:/Users/ruizhe/.m2/repository/com/vladsch/flexmark/flexmark-ext-anchorlink/0.64.0/flexmark-ext-anchorlink-0.64.0.jar:/Users/ruizhe/.m2/repository/com/vladsch/flexmark/flexmark-ext-aside/0.64.0/flexmark-ext-aside-0.64.0.jar:/Users/ruizhe/.m2/repository/com/vladsch/flexmark/flexmark-ext-attributes/0.64.0/flexmark-ext-attributes-0.64.0.jar:/Users/ruizhe/.m2/repository/com/vladsch/flexmark/flexmark-ext-autolink/0.64.0/flexmark-ext-autolink-0.64.0.jar:/Users/ruizhe/.m2/repository/org/nibor/autolink/autolink/0.6.0/autolink-0.6.0.jar:/Users/ruizhe/.m2/repository/com/vladsch/flexmark/flexmark-ext-definition/0.64.0/flexmark-ext-definition-0.64.0.jar:/Users/ruizhe/.m2/repository/com/vladsch/flexmark/flexmark-ext-emoji/0.64.0/flexmark-ext-emoji-0.64.0.jar:/Users/ruizhe/.m2/repository/com/vladsch/flexmark/flexmark-ext-enumerated-reference/0.64.0/flexmark-ext-enumerated-reference-0.64.0.jar:/Users/ruizhe/.m2/repository/com/vladsch/flexmark/flexmark-ext-escaped-character/0.64.0/flexmark-ext-escaped-character-0.64.0.jar:/Users/ruizhe/.m2/repository/com/vladsch/flexmark/flexmark-ext-footnotes/0.64.0/flexmark-ext-footnotes-0.64.0.jar:/Users/ruizhe/.m2/repository/com/vladsch/flexmark/flexmark-ext-gfm-issues/0.64.0/flexmark-ext-gfm-issues-0.64.0.jar:/Users/ruizhe/.m2/repository/com/vladsch/flexmark/flexmark-ext-gfm-strikethrough/0.64.0/flexmark-ext-gfm-strikethrough-0.64.0.jar:/Users/ruizhe/.m2/repository/com/vladsch/flexmark/flexmark-ext-gfm-tasklist/0.64.0/flexmark-ext-gfm-tasklist-0.64.0.jar:/Users/ruizhe/.m2/repository/com/vladsch/flexmark/flexmark-ext-gfm-users/0.64.0/flexmark-ext-gfm-users-0.64.0.jar:/Users/ruizhe/.m2/repository/com/vladsch/flexmark/flexmark-ext-gitlab/0.64.0/flexmark-ext-gitlab-0.64.0.jar:/Users/ruizhe/.m2/repository/com/vladsch/flexmark/flexmark-ext-jekyll-front-matter/0.64.0/flexmark-ext-jekyll-front-matter-0.64.0.jar:/Users/ruizhe/.m2/repository/com/vladsch/flexmark/flexmark-ext-jekyll-tag/0.64.0/flexmark-ext-jekyll-tag-0.64.0.jar:/Users/ruizhe/.m2/repository/com/vladsch/flexmark/flexmark-ext-media-tags/0.64.0/flexmark-ext-media-tags-0.64.0.jar:/Users/ruizhe/.m2/repository/com/vladsch/flexmark/flexmark-ext-resizable-image/0.64.0/flexmark-ext-resizable-image-0.64.0.jar:/Users/ruizhe/.m2/repository/com/vladsch/flexmark/flexmark-ext-macros/0.64.0/flexmark-ext-macros-0.64.0.jar:/Users/ruizhe/.m2/repository/com/vladsch/flexmark/flexmark-ext-ins/0.64.0/flexmark-ext-ins-0.64.0.jar:/Users/ruizhe/.m2/repository/com/vladsch/flexmark/flexmark-ext-xwiki-macros/0.64.0/flexmark-ext-xwiki-macros-0.64.0.jar:/Users/ruizhe/.m2/repository/com/vladsch/flexmark/flexmark-ext-superscript/0.64.0/flexmark-ext-superscript-0.64.0.jar:/Users/ruizhe/.m2/repository/com/vladsch/flexmark/flexmark-ext-tables/0.64.0/flexmark-ext-tables-0.64.0.jar:/Users/ruizhe/.m2/repository/com/vladsch/flexmark/flexmark-ext-toc/0.64.0/flexmark-ext-toc-0.64.0.jar:/Users/ruizhe/.m2/repository/com/vladsch/flexmark/flexmark-ext-typographic/0.64.0/flexmark-ext-typographic-0.64.0.jar:/Users/ruizhe/.m2/repository/com/vladsch/flexmark/flexmark-ext-wikilink/0.64.0/flexmark-ext-wikilink-0.64.0.jar:/Users/ruizhe/.m2/repository/com/vladsch/flexmark/flexmark-ext-yaml-front-matter/0.64.0/flexmark-ext-yaml-front-matter-0.64.0.jar:/Users/ruizhe/.m2/repository/com/vladsch/flexmark/flexmark-ext-youtube-embedded/0.64.0/flexmark-ext-youtube-embedded-0.64.0.jar:/Users/ruizhe/.m2/repository/com/vladsch/flexmark/flexmark-html2md-converter/0.64.0/flexmark-html2md-converter-0.64.0.jar:/Users/ruizhe/.m2/repository/org/jsoup/jsoup/1.14.3/jsoup-1.14.3.jar:/Users/ruizhe/.m2/repository/com/vladsch/flexmark/flexmark-jira-converter/0.64.0/flexmark-jira-converter-0.64.0.jar:/Users/ruizhe/.m2/repository/com/vladsch/flexmark/flexmark-pdf-converter/0.64.0/flexmark-pdf-converter-0.64.0.jar:/Users/ruizhe/.m2/repository/com/openhtmltopdf/openhtmltopdf-core/1.0.10/openhtmltopdf-core-1.0.10.jar:/Users/ruizhe/.m2/repository/com/openhtmltopdf/openhtmltopdf-pdfbox/1.0.10/openhtmltopdf-pdfbox-1.0.10.jar:/Users/ruizhe/.m2/repository/org/apache/pdfbox/xmpbox/2.0.24/xmpbox-2.0.24.jar:/Users/ruizhe/.m2/repository/de/rototor/pdfbox/graphics2d/0.32/graphics2d-0.32.jar:/Users/ruizhe/.m2/repository/com/openhtmltopdf/openhtmltopdf-rtl-support/1.0.10/openhtmltopdf-rtl-support-1.0.10.jar:/Users/ruizhe/.m2/repository/com/ibm/icu/icu4j/59.1/icu4j-59.1.jar:/Users/ruizhe/.m2/repository/com/openhtmltopdf/openhtmltopdf-jsoup-dom-converter/1.0.0/openhtmltopdf-jsoup-dom-converter-1.0.0.jar:/Users/ruizhe/.m2/repository/com/vladsch/flexmark/flexmark-profile-pegdown/0.64.0/flexmark-profile-pegdown-0.64.0.jar:/Users/ruizhe/.m2/repository/com/vladsch/flexmark/flexmark-util-ast/0.64.0/flexmark-util-ast-0.64.0.jar:/Users/ruizhe/.m2/repository/com/vladsch/flexmark/flexmark-util-builder/0.64.0/flexmark-util-builder-0.64.0.jar:/Users/ruizhe/.m2/repository/com/vladsch/flexmark/flexmark-util-collection/0.64.0/flexmark-util-collection-0.64.0.jar:/Users/ruizhe/.m2/repository/com/vladsch/flexmark/flexmark-util-data/0.64.0/flexmark-util-data-0.64.0.jar:/Users/ruizhe/.m2/repository/com/vladsch/flexmark/flexmark-util-dependency/0.64.0/flexmark-util-dependency-0.64.0.jar:/Users/ruizhe/.m2/repository/com/vladsch/flexmark/flexmark-util-format/0.64.0/flexmark-util-format-0.64.0.jar:/Users/ruizhe/.m2/repository/com/vladsch/flexmark/flexmark-util-html/0.64.0/flexmark-util-html-0.64.0.jar:/Users/ruizhe/.m2/repository/com/vladsch/flexmark/flexmark-util-misc/0.64.0/flexmark-util-misc-0.64.0.jar:/Users/ruizhe/.m2/repository/com/vladsch/flexmark/flexmark-util-options/0.64.0/flexmark-util-options-0.64.0.jar:/Users/ruizhe/.m2/repository/com/vladsch/flexmark/flexmark-util-sequence/0.64.0/flexmark-util-sequence-0.64.0.jar:/Users/ruizhe/.m2/repository/com/vladsch/flexmark/flexmark-util-visitor/0.64.0/flexmark-util-visitor-0.64.0.jar:/Users/ruizhe/.m2/repository/com/vladsch/flexmark/flexmark-youtrack-converter/0.64.0/flexmark-youtrack-converter-0.64.0.jar:/Users/ruizhe/.m2/repository/org/java-websocket/Java-WebSocket/1.5.3/Java-WebSocket-1.5.3.jar:/Users/ruizhe/.m2/repository/com/fasterxml/jackson/core/jackson-databind/2.17.0/jackson-databind-2.17.0.jar:/Users/ruizhe/.m2/repository/com/fasterxml/jackson/core/jackson-annotations/2.17.0/jackson-annotations-2.17.0.jar:/Users/ruizhe/.m2/repository/com/fasterxml/jackson/core/jackson-core/2.17.0/jackson-core-2.17.0.jar:/Users/ruizhe/.m2/repository/net/bytebuddy/byte-buddy/1.14.9/byte-buddy-1.14.9.jar:"/>
    <property name="sun.cpu.endian" value="little"/>
    <property name="user.home" value="/Users/ruizhe"/>
    <property name="user.language" value="en"/>
    <property name="java.specification.vendor" value="Oracle Corporation"/>
    <property name="java.version.date" value="2024-07-16"/>
    <property name="java.home" value="/nix/store/i43yq5k7nphs1paam9xyrzypzjkn97p1-zulu-ca-jdk-21.0.4/zulu-21.jdk/Contents/Home"/>
    <property name="file.separator" value="/"/>
    <property name="https.proxyHost" value="127.0.0.1"/>
    <property name="basedir" value="/Users/ruizhe/Project/IDE/CS304_AIDE/client"/>
    <property name="java.vm.compressedOopsMode" value="Zero based"/>
    <property name="line.separator" value="&#10;"/>
    <property name="java.vm.specification.vendor" value="Oracle Corporation"/>
    <property name="java.specification.name" value="Java Platform API Specification"/>
    <property name="apple.awt.application.name" value="ForkedBooter"/>
    <property name="surefire.real.class.path" value="/Users/ruizhe/Project/IDE/CS304_AIDE/client/target/surefire/surefirebooter-20250523211251560_3.jar"/>
    <property name="sun.management.compiler" value="HotSpot 64-Bit Tiered Compilers"/>
    <property name="ftp.nonProxyHosts" value="192.168.0.0/16|*.192.168.0.0/16|captive.apple.com|*.captive.apple.com|localhost|*.localhost|10.0.0.0/8|*.10.0.0.0/8|local|*.local|172.16.0.0/12|*.172.16.0.0/12|198.18.0.0/15|*.198.18.0.0/15|172.18.1.92.dns|*.172.18.1.92.dns|172.18.1.93.dns|*.172.18.1.93.dns"/>
    <property name="java.runtime.version" value="21.0.4+7-LTS"/>
    <property name="user.name" value="ruizhe"/>
    <property name="stdout.encoding" value="UTF-8"/>
    <property name="path.separator" value=":"/>
    <property name="os.version" value="15.3.1"/>
    <property name="java.runtime.name" value="OpenJDK Runtime Environment"/>
    <property name="file.encoding" value="UTF-8"/>
    <property name="java.vm.name" value="OpenJDK 64-Bit Server VM"/>
    <property name="java.vendor.version" value="Zulu21.36+17-CA"/>
    <property name="localRepository" value="/Users/ruizhe/.m2/repository"/>
    <property name="java.vendor.url.bug" value="http://www.azul.com/support/"/>
    <property name="java.io.tmpdir" value="/var/folders/tt/8xv9zhxj1h97g1s448yy44fm0000gn/T/"/>
    <property name="java.version" value="21.0.4"/>
    <property name="user.dir" value="/Users/ruizhe/Project/IDE/CS304_AIDE/client"/>
    <property name="os.arch" value="aarch64"/>
    <property name="java.vm.specification.name" value="Java Virtual Machine Specification"/>
    <property name="native.encoding" value="UTF-8"/>
    <property name="java.library.path" value="/Users/ruizhe/Library/Java/Extensions:/Library/Java/Extensions:/Network/Library/Java/Extensions:/System/Library/Java/Extensions:/usr/lib/java:."/>
    <property name="java.vm.info" value="mixed mode, sharing"/>
    <property name="stderr.encoding" value="UTF-8"/>
    <property name="java.vendor" value="Azul Systems, Inc."/>
    <property name="java.vm.version" value="21.0.4+7-LTS"/>
    <property name="sun.io.unicode.encoding" value="UnicodeBig"/>
    <property name="socksNonProxyHosts" value="192.168.0.0/16|*.192.168.0.0/16|captive.apple.com|*.captive.apple.com|localhost|*.localhost|10.0.0.0/8|*.10.0.0.0/8|local|*.local|172.16.0.0/12|*.172.16.0.0/12|198.18.0.0/15|*.198.18.0.0/15|172.18.1.92.dns|*.172.18.1.92.dns|172.18.1.93.dns|*.172.18.1.93.dns"/>
    <property name="java.class.version" value="65.0"/>
    <property name="http.proxyPort" value="1082"/>
  </properties>
  <testcase name="testApp" classname="sustech.cs304.AppTest" time="0.002"/>
</testsuite>